<?xml version="1.0" encoding="UTF-8"?>
<!-- Generated by org.testng.reporters.JUnitXMLReporter -->
<testsuite hostname="FARHANYASEEN-PC" name="Chrome Test Login and Post" tests="1" failures="0" timestamp="17 Jan 2016 19:16:43 GMT" time="0.008" errors="0">
  <testcase name="@BeforeClass setUp" time="0.0" classname="com.testcases.CommentTestCaseFarhan">
    <failure type="java.lang.NullPointerException">
      <![CDATA[java.lang.NullPointerException
	at com.baseDriver.BaseDriver.setUp(BaseDriver.java:62)
	at java.util.concurrent.FutureTask.run(FutureTask.java:262)
	at java.util.concurrent.ThreadPoolExecutor.runWorker(ThreadPoolExecutor.java:1145)
	at java.util.concurrent.ThreadPoolExecutor$Worker.run(ThreadPoolExecutor.java:615)
	at java.lang.Thread.run(Thread.java:745)
... Removed 16 stack frames]]>
    </failure>
  </testcase> <!-- @BeforeClass setUp -->
  <testcase name="@AfterClass tearDown" time="0.0" classname="com.testcases.CommentTestCaseFarhan">
    <skipped/>
  </testcase> <!-- @AfterClass tearDown -->
  <testcase name="commentTestCase" time="0.001" classname="com.testcases.CommentTestCaseFarhan">
    <skipped/>
  </testcase> <!-- commentTestCase -->
</testsuite> <!-- Chrome Test Login and Post -->
