<?xml version="1.0" encoding="UTF-8"?>
<!-- Generated by org.testng.reporters.JUnitXMLReporter -->
<testsuite hostname="FlipOver" name="Chrome Test" tests="1" failures="0" timestamp="16 Jan 2016 00:42:41 GMT" time="0.093" errors="0">
  <testcase name="@BeforeClass setUp" time="0.0" classname="com.ParallelTest">
    <failure type="java.lang.NullPointerException">
      <![CDATA[java.lang.NullPointerException
	at com.BaseDriver.setUp(BaseDriver.java:51)
	at java.util.concurrent.FutureTask.run(Unknown Source)
	at java.util.concurrent.ThreadPoolExecutor.runWorker(Unknown Source)
	at java.util.concurrent.ThreadPoolExecutor$Worker.run(Unknown Source)
	at java.lang.Thread.run(Unknown Source)
... Removed 16 stack frames]]>
    </failure>
  </testcase> <!-- @BeforeClass setUp -->
  <testcase name="@AfterClass tearDown" time="0.0" classname="com.ParallelTest">
    <skipped/>
  </testcase> <!-- @AfterClass tearDown -->
  <testcase name="mytest1" time="0.0" classname="com.ParallelTest">
    <skipped/>
  </testcase> <!-- mytest1 -->
</testsuite> <!-- Chrome Test -->
