<?xml version="1.0" encoding="UTF-8"?>
<!-- Generated by org.testng.reporters.JUnitXMLReporter -->
<testsuite hostname="FARHANYASEEN-PC" name="Safari Test Signup" tests="1" failures="1" timestamp="17 Jan 2016 19:21:57 GMT" time="102.879" errors="0">
  <testcase name="signUpMobileArenaTestCase" time="102.504" classname="com.testcases.SignUpMobileArenaTestCase">
    <failure type="org.openqa.selenium.remote.UnreachableBrowserException" message="Error communicating with the remote browser. It may have died.
Build info: version: &amp;apos;2.48.2&amp;apos;, revision: &amp;apos;41bccdd&amp;apos;, time: &amp;apos;2015-10-09 19:59:12&amp;apos;
System info: host: &amp;apos;FARHANYASEEN-PC&amp;apos;, ip: &amp;apos;192.168.10.34&amp;apos;, os.name: &amp;apos;Windows 7&amp;apos;, os.arch: &amp;apos;amd64&amp;apos;, os.version: &amp;apos;6.1&amp;apos;, java.version: &amp;apos;1.7.0_67&amp;apos;
Driver info: driver.version: SafariDriver">
      <![CDATA[org.openqa.selenium.remote.UnreachableBrowserException: Error communicating with the remote browser. It may have died.
Build info: version: '2.48.2', revision: '41bccdd', time: '2015-10-09 19:59:12'
System info: host: 'FARHANYASEEN-PC', ip: '192.168.10.34', os.name: 'Windows 7', os.arch: 'amd64', os.version: '6.1', java.version: '1.7.0_67'
Driver info: driver.version: SafariDriver
	at org.openqa.selenium.remote.RemoteWebDriver.execute(RemoteWebDriver.java:641)
	at org.openqa.selenium.remote.RemoteWebDriver.execute(RemoteWebDriver.java:670)
	at org.openqa.selenium.safari.SafariDriver.getScreenshotAs(SafariDriver.java:91)
	at com.report.Report.takeScreenShot(Report.java:34)
	at com.testcases.SignUpMobileArenaTestCase.signUpMobileArenaTestCase(SignUpMobileArenaTestCase.java:101)
	at java.util.concurrent.FutureTask.run(FutureTask.java:262)
	at java.util.concurrent.ThreadPoolExecutor.runWorker(ThreadPoolExecutor.java:1145)
	at java.util.concurrent.ThreadPoolExecutor$Worker.run(ThreadPoolExecutor.java:615)
	at java.lang.Thread.run(Thread.java:745)
Caused by: java.lang.IllegalStateException: The WebSocket connection has been closed
	at com.google.common.base.Preconditions.checkState(Preconditions.java:173)
	at org.openqa.selenium.safari.WebSocketConnection.checkChannel(WebSocketConnection.java:118)
	at org.openqa.selenium.safari.WebSocketConnection.send(WebSocketConnection.java:131)
	at org.openqa.selenium.safari.SafariDriverCommandExecutor.execute(SafariDriverCommandExecutor.java:188)
	at org.openqa.selenium.remote.RemoteWebDriver.execute(RemoteWebDriver.java:620)
	... 24 more
... Removed 16 stack frames]]>
    </failure>
  </testcase> <!-- signUpMobileArenaTestCase -->
</testsuite> <!-- Safari Test Signup -->
